Using pre-set license
Built from '2020.3/staging' branch; Version is '2020.3.4f1 (0abb6314276a) revision 703331'; Using compiler version '192528614'; Build Type 'Release'
OS: 'Windows 10 Home Single Language; OS build 19041.928; Version 2004; 64bit' Language: 'tr' Physical Memory: 16178 MB
BatchMode: 1, IsHumanControllingUs: 0, StartBugReporterOnCrash: 0, Is64bit: 1, IsPro: 0

 COMMAND LINE ARGUMENTS:
C:\Program Files\Unity\Hub\Editor\2020.3.4f1\Editor\Unity.exe
-adb2
-batchMode
-noUpm
-name
AssetImportWorker0
-projectPath
C:/Users/Berke ERDEM/New Unity Project
-logFile
Logs/AssetImportWorker0.log
-srvPort
60020
Successfully changed project path to: C:/Users/Berke ERDEM/New Unity Project
C:/Users/Berke ERDEM/New Unity Project
Using Asset Import Pipeline V2.
Refreshing native plugins compatible for Editor in 84.58 ms, found 1 plugins.
Preloading 0 native plugins for Editor in 0.00 ms.
Initialize engine version: 2020.3.4f1 (0abb6314276a)
[Subsystems] Discovering subsystems at path C:/Program Files/Unity/Hub/Editor/2020.3.4f1/Editor/Data/Resources/UnitySubsystems
[Subsystems] Discovering subsystems at path C:/Users/Berke ERDEM/New Unity Project/Assets
GfxDevice: creating device client; threaded=0
Direct3D:
    Version:  Direct3D 11.0 [level 11.0]
    Renderer: NVIDIA GeForce GTX 950M (ID=0x139a)
    Vendor:   
    VRAM:     4055 MB
    Driver:   26.21.14.4587
Initialize mono
Mono path[0] = 'C:/Program Files/Unity/Hub/Editor/2020.3.4f1/Editor/Data/Managed'
Mono path[1] = 'C:/Program Files/Unity/Hub/Editor/2020.3.4f1/Editor/Data/MonoBleedingEdge/lib/mono/unityjit'
Mono config path = 'C:/Program Files/Unity/Hub/Editor/2020.3.4f1/Editor/Data/MonoBleedingEdge/etc'
Using monoOptions --debugger-agent=transport=dt_socket,embedding=1,server=y,suspend=n,address=127.0.0.1:56804
Begin MonoManager ReloadAssembly
Registering precompiled unity dll's ...
Register platform support module: C:/Program Files/Unity/Hub/Editor/2020.3.4f1/Editor/Data/PlaybackEngines/WebGLSupport/UnityEditor.WebGL.Extensions.dll
Register platform support module: C:/Program Files/Unity/Hub/Editor/2020.3.4f1/Editor/Data/PlaybackEngines/WindowsStandaloneSupport/UnityEditor.WindowsStandalone.Extensions.dll
Registered in 0.003149 seconds.
Native extension for WindowsStandalone target not found
Native extension for WebGL target not found
Refreshing native plugins compatible for Editor in 55.11 ms, found 1 plugins.
Preloading 0 native plugins for Editor in 0.00 ms.
Mono: successfully reloaded assembly
- Completed reload, in  2.026 seconds
Platform modules already initialized, skipping
Registering precompiled user dll's ...
Registered in 0.001218 seconds.
Begin MonoManager ReloadAssembly
Native extension for WindowsStandalone target not found
Native extension for WebGL target not found
Refreshing native plugins compatible for Editor in 72.34 ms, found 1 plugins.
Preloading 0 native plugins for Editor in 0.00 ms.
Mono: successfully reloaded assembly
- Completed reload, in  1.540 seconds
Platform modules already initialized, skipping
========================================================================
Worker process is ready to serve import requests
Launched and connected shader compiler UnityShaderCompiler.exe after 0.16 seconds
Refreshing native plugins compatible for Editor in 0.50 ms, found 1 plugins.
Preloading 0 native plugins for Editor in 0.00 ms.
Unloading 1816 Unused Serialized files (Serialized files now loaded: 0)
System memory in use before: 85.1 MB.
System memory in use after: 85.1 MB.

Unloading 24 unused Assets to reduce memory usage. Loaded Objects now: 2260.
Total: 2.425300 ms (FindLiveObjects: 0.193900 ms CreateObjectMapping: 0.182200 ms MarkObjects: 1.835300 ms  DeleteObjects: 0.213000 ms)

========================================================================
Received Import Request.
  path: Assets/Textures/Sounds
  artifactKey: Guid(a80e8fb001e47b14195fbc927b406db6) Importer(815301076,1909f56bfc062723c751e8b465ee728b)
Start importing Assets/Textures/Sounds using Guid(a80e8fb001e47b14195fbc927b406db6) Importer(815301076,1909f56bfc062723c751e8b465ee728b)  -> (artifact id: 'be225d406d2715476288bacacfb3d386') in 0.036517 seconds
  Import took 0.060735 seconds .

========================================================================
Received Prepare
Registering precompiled user dll's ...
Registered in 0.002312 seconds.
Begin MonoManager ReloadAssembly
Native extension for WindowsStandalone target not found
Native extension for WebGL target not found
Refreshing native plugins compatible for Editor in 0.40 ms, found 1 plugins.
Preloading 0 native plugins for Editor in 0.00 ms.
Mono: successfully reloaded assembly
- Completed reload, in  1.352 seconds
Platform modules already initialized, skipping
Refreshing native plugins compatible for Editor in 0.51 ms, found 1 plugins.
Preloading 0 native plugins for Editor in 0.00 ms.
Unloading 1811 Unused Serialized files (Serialized files now loaded: 0)
System memory in use before: 85.1 MB.
System memory in use after: 85.1 MB.

Unloading 12 unused Assets to reduce memory usage. Loaded Objects now: 2264.
Total: 3.069500 ms (FindLiveObjects: 0.362500 ms CreateObjectMapping: 0.118900 ms MarkObjects: 2.411200 ms  DeleteObjects: 0.175900 ms)

========================================================================
Received Import Request.
  Time since last request: 247.894206 seconds.
  path: Assets/Textures/Script/Tank.cs
  artifactKey: Guid(06d823046f0d5ff4093c0a3c69774d3a) Importer(815301076,1909f56bfc062723c751e8b465ee728b)
Start importing Assets/Textures/Script/Tank.cs using Guid(06d823046f0d5ff4093c0a3c69774d3a) Importer(815301076,1909f56bfc062723c751e8b465ee728b)  -> (artifact id: '3500308eec53eed7285ffdefbe5da5a1') in 0.166067 seconds
  Import took 0.198710 seconds .

========================================================================
Received Import Request.
  Time since last request: 146.097532 seconds.
  path: Assets/Textures/Sounds/Allah-uEkber.mp3
  artifactKey: Guid(e2cb842994bc4424b8fc969f4219ac7c) Importer(815301076,1909f56bfc062723c751e8b465ee728b)
Start importing Assets/Textures/Sounds/Allah-uEkber.mp3 using Guid(e2cb842994bc4424b8fc969f4219ac7c) Importer(815301076,1909f56bfc062723c751e8b465ee728b)  -> (artifact id: '81787ccae604334af8cfef8ac74ad1bd') in 0.323256 seconds
  Import took 0.341685 seconds .

========================================================================
Received Import Request.
  Time since last request: 0.000488 seconds.
  path: Assets/Textures/Sounds/Explosion.mp3
  artifactKey: Guid(e9ad2527c08ac6941a93b1e30b58fb88) Importer(815301076,1909f56bfc062723c751e8b465ee728b)
Start importing Assets/Textures/Sounds/Explosion.mp3 using Guid(e9ad2527c08ac6941a93b1e30b58fb88) Importer(815301076,1909f56bfc062723c751e8b465ee728b)  -> (artifact id: '7ab3299710292eebc5e254e880275c54') in 0.058553 seconds
  Import took 0.061742 seconds .

========================================================================
Received Import Request.
  Time since last request: 0.000352 seconds.
  path: Assets/Textures/Sounds/Gun.mp3
  artifactKey: Guid(da6d4628942595644aa29ae85f9c42e1) Importer(815301076,1909f56bfc062723c751e8b465ee728b)
Start importing Assets/Textures/Sounds/Gun.mp3 using Guid(da6d4628942595644aa29ae85f9c42e1) Importer(815301076,1909f56bfc062723c751e8b465ee728b)  -> (artifact id: '47b967bb33cce86b81b1e0e840bb64f3') in 0.019992 seconds
  Import took 0.046694 seconds .

========================================================================
Received Import Request.
  Time since last request: 0.000902 seconds.
  path: Assets/Textures/Sounds/Explosion.mp3
  artifactKey: Guid(e9ad2527c08ac6941a93b1e30b58fb88) Importer(815301076,1909f56bfc062723c751e8b465ee728b)
Start importing Assets/Textures/Sounds/Explosion.mp3 using Guid(e9ad2527c08ac6941a93b1e30b58fb88) Importer(815301076,1909f56bfc062723c751e8b465ee728b)  -> (artifact id: '7ab3299710292eebc5e254e880275c54') in 0.015845 seconds
  Import took 0.021604 seconds .

========================================================================
Received Prepare
Registering precompiled user dll's ...
Registered in 0.001249 seconds.
Begin MonoManager ReloadAssembly
Native extension for WindowsStandalone target not found
Native extension for WebGL target not found
Refreshing native plugins compatible for Editor in 0.72 ms, found 1 plugins.
Preloading 0 native plugins for Editor in 0.00 ms.
Mono: successfully reloaded assembly
- Completed reload, in  1.499 seconds
Platform modules already initialized, skipping
Refreshing native plugins compatible for Editor in 0.41 ms, found 1 plugins.
Preloading 0 native plugins for Editor in 0.00 ms.
Unloading 1811 Unused Serialized files (Serialized files now loaded: 0)
System memory in use before: 88.3 MB.
System memory in use after: 88.2 MB.

Unloading 12 unused Assets to reduce memory usage. Loaded Objects now: 2277.
Total: 3.238900 ms (FindLiveObjects: 0.536100 ms CreateObjectMapping: 0.194000 ms MarkObjects: 2.210100 ms  DeleteObjects: 0.295600 ms)

========================================================================
Received Prepare
Registering precompiled user dll's ...
Registered in 0.001493 seconds.
Begin MonoManager ReloadAssembly
Native extension for WindowsStandalone target not found
Native extension for WebGL target not found
Refreshing native plugins compatible for Editor in 0.56 ms, found 1 plugins.
Preloading 0 native plugins for Editor in 0.00 ms.
Mono: successfully reloaded assembly
- Completed reload, in  1.312 seconds
Platform modules already initialized, skipping
Refreshing native plugins compatible for Editor in 0.59 ms, found 1 plugins.
Preloading 0 native plugins for Editor in 0.00 ms.
Unloading 1811 Unused Serialized files (Serialized files now loaded: 0)
System memory in use before: 88.3 MB.
System memory in use after: 88.3 MB.

Unloading 12 unused Assets to reduce memory usage. Loaded Objects now: 2281.
Total: 3.488300 ms (FindLiveObjects: 0.646600 ms CreateObjectMapping: 0.206400 ms MarkObjects: 2.448300 ms  DeleteObjects: 0.183500 ms)

========================================================================
Received Prepare
Registering precompiled user dll's ...
Registered in 0.001497 seconds.
Begin MonoManager ReloadAssembly
Native extension for WindowsStandalone target not found
Native extension for WebGL target not found
Refreshing native plugins compatible for Editor in 0.54 ms, found 1 plugins.
Preloading 0 native plugins for Editor in 0.00 ms.
Mono: successfully reloaded assembly
- Completed reload, in  1.211 seconds
Platform modules already initialized, skipping
Refreshing native plugins compatible for Editor in 0.51 ms, found 1 plugins.
Preloading 0 native plugins for Editor in 0.00 ms.
Unloading 1811 Unused Serialized files (Serialized files now loaded: 0)
System memory in use before: 88.3 MB.
System memory in use after: 88.3 MB.

Unloading 12 unused Assets to reduce memory usage. Loaded Objects now: 2285.
Total: 5.025000 ms (FindLiveObjects: 0.675700 ms CreateObjectMapping: 0.317800 ms MarkObjects: 3.397400 ms  DeleteObjects: 0.607700 ms)

========================================================================
Received Import Request.
  Time since last request: 541.911439 seconds.
  path: Assets/Textures/Script/EnemyTank.cs
  artifactKey: Guid(51d9d12daa1521245b490544d0473f98) Importer(815301076,1909f56bfc062723c751e8b465ee728b)
Start importing Assets/Textures/Script/EnemyTank.cs using Guid(51d9d12daa1521245b490544d0473f98) Importer(815301076,1909f56bfc062723c751e8b465ee728b)  -> (artifact id: 'de4ab08c8cc84cfdda7f0290bf98c0b5') in 0.015956 seconds
  Import took 0.132828 seconds .

========================================================================
Received Prepare
Registering precompiled user dll's ...
Registered in 0.001412 seconds.
Begin MonoManager ReloadAssembly
Native extension for WindowsStandalone target not found
Native extension for WebGL target not found
Refreshing native plugins compatible for Editor in 0.48 ms, found 1 plugins.
Preloading 0 native plugins for Editor in 0.00 ms.
Mono: successfully reloaded assembly
- Completed reload, in  1.599 seconds
Platform modules already initialized, skipping
Refreshing native plugins compatible for Editor in 0.77 ms, found 1 plugins.
Preloading 0 native plugins for Editor in 0.00 ms.
Unloading 1811 Unused Serialized files (Serialized files now loaded: 0)
System memory in use before: 88.3 MB.
System memory in use after: 88.3 MB.

Unloading 12 unused Assets to reduce memory usage. Loaded Objects now: 2289.
Total: 3.961600 ms (FindLiveObjects: 0.192400 ms CreateObjectMapping: 0.084600 ms MarkObjects: 3.466100 ms  DeleteObjects: 0.216800 ms)

========================================================================
Received Prepare
Registering precompiled user dll's ...
Registered in 0.002032 seconds.
Begin MonoManager ReloadAssembly
Native extension for WindowsStandalone target not found
Native extension for WebGL target not found
Refreshing native plugins compatible for Editor in 0.44 ms, found 1 plugins.
Preloading 0 native plugins for Editor in 0.00 ms.
Mono: successfully reloaded assembly
- Completed reload, in  1.213 seconds
Platform modules already initialized, skipping
Refreshing native plugins compatible for Editor in 0.39 ms, found 1 plugins.
Preloading 0 native plugins for Editor in 0.00 ms.
Unloading 1811 Unused Serialized files (Serialized files now loaded: 0)
System memory in use before: 88.3 MB.
System memory in use after: 88.3 MB.

Unloading 12 unused Assets to reduce memory usage. Loaded Objects now: 2293.
Total: 4.777200 ms (FindLiveObjects: 0.475500 ms CreateObjectMapping: 1.043800 ms MarkObjects: 3.092200 ms  DeleteObjects: 0.164200 ms)

========================================================================
Received Import Request.
  Time since last request: 71.983909 seconds.
  path: Assets/Textures/Script/EnemyTank.cs
  artifactKey: Guid(51d9d12daa1521245b490544d0473f98) Importer(815301076,1909f56bfc062723c751e8b465ee728b)
Start importing Assets/Textures/Script/EnemyTank.cs using Guid(51d9d12daa1521245b490544d0473f98) Importer(815301076,1909f56bfc062723c751e8b465ee728b)  -> (artifact id: '3ec9d334abffb5f65b8539b1587f4bc3') in 0.014984 seconds
  Import took 0.115058 seconds .

========================================================================
Received Prepare
Registering precompiled user dll's ...
Registered in 0.001280 seconds.
Begin MonoManager ReloadAssembly
Native extension for WindowsStandalone target not found
Native extension for WebGL target not found
Refreshing native plugins compatible for Editor in 0.43 ms, found 1 plugins.
Preloading 0 native plugins for Editor in 0.00 ms.
Mono: successfully reloaded assembly
- Completed reload, in  1.541 seconds
Platform modules already initialized, skipping
Refreshing native plugins compatible for Editor in 0.89 ms, found 1 plugins.
Preloading 0 native plugins for Editor in 0.00 ms.
Unloading 1811 Unused Serialized files (Serialized files now loaded: 0)
System memory in use before: 88.3 MB.
System memory in use after: 88.3 MB.

Unloading 12 unused Assets to reduce memory usage. Loaded Objects now: 2297.
Total: 3.078900 ms (FindLiveObjects: 0.190700 ms CreateObjectMapping: 0.065900 ms MarkObjects: 2.422500 ms  DeleteObjects: 0.398100 ms)

========================================================================
Received Import Request.
  Time since last request: 156.377829 seconds.
  path: Assets/Textures/Script/EnemyTank.cs
  artifactKey: Guid(51d9d12daa1521245b490544d0473f98) Importer(815301076,1909f56bfc062723c751e8b465ee728b)
Start importing Assets/Textures/Script/EnemyTank.cs using Guid(51d9d12daa1521245b490544d0473f98) Importer(815301076,1909f56bfc062723c751e8b465ee728b)  -> (artifact id: '84291fa9bcab68056a55ce34aee71f62') in 0.006863 seconds
  Import took 0.130631 seconds .

========================================================================
Received Prepare
Registering precompiled user dll's ...
Registered in 0.001183 seconds.
Begin MonoManager ReloadAssembly
Native extension for WindowsStandalone target not found
Native extension for WebGL target not found
Refreshing native plugins compatible for Editor in 0.38 ms, found 1 plugins.
Preloading 0 native plugins for Editor in 0.00 ms.
Mono: successfully reloaded assembly
- Completed reload, in  1.271 seconds
Platform modules already initialized, skipping
Refreshing native plugins compatible for Editor in 0.39 ms, found 1 plugins.
Preloading 0 native plugins for Editor in 0.00 ms.
Unloading 1811 Unused Serialized files (Serialized files now loaded: 0)
System memory in use before: 88.3 MB.
System memory in use after: 88.3 MB.

Unloading 12 unused Assets to reduce memory usage. Loaded Objects now: 2301.
Total: 2.384900 ms (FindLiveObjects: 0.197200 ms CreateObjectMapping: 0.067300 ms MarkObjects: 1.961700 ms  DeleteObjects: 0.157700 ms)

========================================================================
Received Import Request.
  Time since last request: 21.477133 seconds.
  path: Assets/Textures/Script/EnemyTank.cs
  artifactKey: Guid(51d9d12daa1521245b490544d0473f98) Importer(815301076,1909f56bfc062723c751e8b465ee728b)
Start importing Assets/Textures/Script/EnemyTank.cs using Guid(51d9d12daa1521245b490544d0473f98) Importer(815301076,1909f56bfc062723c751e8b465ee728b)  -> (artifact id: '19a6f1875dd5b68a262ccb4bbdb0d4ae') in 0.007897 seconds
  Import took 0.132370 seconds .

========================================================================
Received Prepare
Registering precompiled user dll's ...
Registered in 0.001148 seconds.
Begin MonoManager ReloadAssembly
Native extension for WindowsStandalone target not found
Native extension for WebGL target not found
Refreshing native plugins compatible for Editor in 0.44 ms, found 1 plugins.
Preloading 0 native plugins for Editor in 0.00 ms.
Mono: successfully reloaded assembly
- Completed reload, in  1.298 seconds
Platform modules already initialized, skipping
Refreshing native plugins compatible for Editor in 0.62 ms, found 1 plugins.
Preloading 0 native plugins for Editor in 0.00 ms.
Unloading 1811 Unused Serialized files (Serialized files now loaded: 0)
System memory in use before: 88.3 MB.
System memory in use after: 88.3 MB.

Unloading 12 unused Assets to reduce memory usage. Loaded Objects now: 2305.
Total: 2.613700 ms (FindLiveObjects: 0.345700 ms CreateObjectMapping: 0.083000 ms MarkObjects: 2.010000 ms  DeleteObjects: 0.173700 ms)

========================================================================
Received Import Request.
  Time since last request: 187.495791 seconds.
  path: Assets/Textures/Sounds/Fuel.mp3
  artifactKey: Guid(b18e122a502b99f46ab994077836ab77) Importer(815301076,1909f56bfc062723c751e8b465ee728b)
Start importing Assets/Textures/Sounds/Fuel.mp3 using Guid(b18e122a502b99f46ab994077836ab77) Importer(815301076,1909f56bfc062723c751e8b465ee728b)  -> (artifact id: '8d8316dad3422958df23df054e6b2b8f') in 0.074773 seconds
  Import took 0.104130 seconds .

========================================================================
Received Prepare
Registering precompiled user dll's ...
Registered in 0.001899 seconds.
Begin MonoManager ReloadAssembly
Native extension for WindowsStandalone target not found
Native extension for WebGL target not found
Refreshing native plugins compatible for Editor in 0.48 ms, found 1 plugins.
Preloading 0 native plugins for Editor in 0.00 ms.
Mono: successfully reloaded assembly
- Completed reload, in  1.401 seconds
Platform modules already initialized, skipping
Refreshing native plugins compatible for Editor in 0.48 ms, found 1 plugins.
Preloading 0 native plugins for Editor in 0.00 ms.
Unloading 1811 Unused Serialized files (Serialized files now loaded: 0)
System memory in use before: 88.4 MB.
System memory in use after: 88.3 MB.

Unloading 12 unused Assets to reduce memory usage. Loaded Objects now: 2310.
Total: 4.399500 ms (FindLiveObjects: 0.559600 ms CreateObjectMapping: 0.343300 ms MarkObjects: 2.885300 ms  DeleteObjects: 0.609200 ms)

========================================================================
Received Prepare
Registering precompiled user dll's ...
Registered in 0.003234 seconds.
Begin MonoManager ReloadAssembly
Native extension for WindowsStandalone target not found
Native extension for WebGL target not found
Refreshing native plugins compatible for Editor in 0.40 ms, found 1 plugins.
Preloading 0 native plugins for Editor in 0.00 ms.
Mono: successfully reloaded assembly
- Completed reload, in  1.421 seconds
Platform modules already initialized, skipping
Refreshing native plugins compatible for Editor in 0.47 ms, found 1 plugins.
Preloading 0 native plugins for Editor in 0.00 ms.
Unloading 1811 Unused Serialized files (Serialized files now loaded: 0)
System memory in use before: 88.4 MB.
System memory in use after: 88.3 MB.

Unloading 12 unused Assets to reduce memory usage. Loaded Objects now: 2314.
Total: 4.206600 ms (FindLiveObjects: 0.544100 ms CreateObjectMapping: 0.162000 ms MarkObjects: 3.208100 ms  DeleteObjects: 0.288900 ms)

========================================================================
Received Prepare
Registering precompiled user dll's ...
Registered in 0.001986 seconds.
Begin MonoManager ReloadAssembly
Native extension for WindowsStandalone target not found
Native extension for WebGL target not found
Refreshing native plugins compatible for Editor in 0.42 ms, found 1 plugins.
Preloading 0 native plugins for Editor in 0.00 ms.
Mono: successfully reloaded assembly
- Completed reload, in  1.306 seconds
Platform modules already initialized, skipping
Refreshing native plugins compatible for Editor in 0.42 ms, found 1 plugins.
Preloading 0 native plugins for Editor in 0.00 ms.
Unloading 1811 Unused Serialized files (Serialized files now loaded: 0)
System memory in use before: 88.4 MB.
System memory in use after: 88.3 MB.

Unloading 12 unused Assets to reduce memory usage. Loaded Objects now: 2318.
Total: 2.514800 ms (FindLiveObjects: 0.282000 ms CreateObjectMapping: 0.120600 ms MarkObjects: 1.899200 ms  DeleteObjects: 0.211500 ms)

========================================================================
Received Import Request.
  Time since last request: 1012.306513 seconds.
  path: Assets/Textures/Script/Tank.cs
  artifactKey: Guid(06d823046f0d5ff4093c0a3c69774d3a) Importer(815301076,1909f56bfc062723c751e8b465ee728b)
Start importing Assets/Textures/Script/Tank.cs using Guid(06d823046f0d5ff4093c0a3c69774d3a) Importer(815301076,1909f56bfc062723c751e8b465ee728b)  -> (artifact id: 'ada28c5929bea9e40a3137883343f7c4') in 0.010336 seconds
  Import took 0.125241 seconds .

========================================================================
Received Prepare
Registering precompiled user dll's ...
Registered in 0.001440 seconds.
Begin MonoManager ReloadAssembly
Native extension for WindowsStandalone target not found
Native extension for WebGL target not found
Refreshing native plugins compatible for Editor in 0.45 ms, found 1 plugins.
Preloading 0 native plugins for Editor in 0.00 ms.
Mono: successfully reloaded assembly
- Completed reload, in  1.346 seconds
Platform modules already initialized, skipping
Refreshing native plugins compatible for Editor in 0.52 ms, found 1 plugins.
Preloading 0 native plugins for Editor in 0.00 ms.
Unloading 1811 Unused Serialized files (Serialized files now loaded: 0)
System memory in use before: 88.4 MB.
System memory in use after: 88.4 MB.

Unloading 12 unused Assets to reduce memory usage. Loaded Objects now: 2322.
Total: 3.437400 ms (FindLiveObjects: 0.280100 ms CreateObjectMapping: 0.101600 ms MarkObjects: 2.841800 ms  DeleteObjects: 0.212300 ms)

========================================================================
Received Prepare
Registering precompiled user dll's ...
Registered in 0.001188 seconds.
Begin MonoManager ReloadAssembly
Native extension for WindowsStandalone target not found
Native extension for WebGL target not found
Refreshing native plugins compatible for Editor in 0.44 ms, found 1 plugins.
Preloading 0 native plugins for Editor in 0.00 ms.
Mono: successfully reloaded assembly
- Completed reload, in  1.324 seconds
Platform modules already initialized, skipping
Refreshing native plugins compatible for Editor in 0.39 ms, found 1 plugins.
Preloading 0 native plugins for Editor in 0.00 ms.
Unloading 1811 Unused Serialized files (Serialized files now loaded: 0)
System memory in use before: 88.4 MB.
System memory in use after: 88.4 MB.

Unloading 12 unused Assets to reduce memory usage. Loaded Objects now: 2326.
Total: 3.461500 ms (FindLiveObjects: 0.351100 ms CreateObjectMapping: 0.194200 ms MarkObjects: 2.560400 ms  DeleteObjects: 0.353800 ms)

========================================================================
Received Import Request.
  Time since last request: 455.553312 seconds.
  path: Assets/Textures/Script/EnemyTank.cs
  artifactKey: Guid(51d9d12daa1521245b490544d0473f98) Importer(815301076,1909f56bfc062723c751e8b465ee728b)
Start importing Assets/Textures/Script/EnemyTank.cs using Guid(51d9d12daa1521245b490544d0473f98) Importer(815301076,1909f56bfc062723c751e8b465ee728b)  -> (artifact id: '46900648cb9626139ca2cb72adddab84') in 0.010576 seconds
  Import took 0.119153 seconds .

========================================================================
Received Import Request.
  Time since last request: 59.552014 seconds.
  path: Assets/Textures/Script/EnemyTank.cs
  artifactKey: Guid(51d9d12daa1521245b490544d0473f98) Importer(815301076,1909f56bfc062723c751e8b465ee728b)
Start importing Assets/Textures/Script/EnemyTank.cs using Guid(51d9d12daa1521245b490544d0473f98) Importer(815301076,1909f56bfc062723c751e8b465ee728b)  -> (artifact id: '6afafd4f2c45ea04437efacbd2820080') in 0.003279 seconds
  Import took 0.112822 seconds .

========================================================================
Received Prepare
Registering precompiled user dll's ...
Registered in 0.001250 seconds.
Begin MonoManager ReloadAssembly
Native extension for WindowsStandalone target not found
Native extension for WebGL target not found
Refreshing native plugins compatible for Editor in 0.39 ms, found 1 plugins.
Preloading 0 native plugins for Editor in 0.00 ms.
Mono: successfully reloaded assembly
- Completed reload, in  1.395 seconds
Platform modules already initialized, skipping
Refreshing native plugins compatible for Editor in 0.58 ms, found 1 plugins.
Preloading 0 native plugins for Editor in 0.00 ms.
Unloading 1811 Unused Serialized files (Serialized files now loaded: 0)
System memory in use before: 88.4 MB.
System memory in use after: 88.4 MB.

Unloading 12 unused Assets to reduce memory usage. Loaded Objects now: 2330.
Total: 2.362800 ms (FindLiveObjects: 0.284200 ms CreateObjectMapping: 0.112900 ms MarkObjects: 1.830600 ms  DeleteObjects: 0.133800 ms)

========================================================================
Received Prepare
Registering precompiled user dll's ...
Registered in 0.001219 seconds.
Begin MonoManager ReloadAssembly
Native extension for WindowsStandalone target not found
Native extension for WebGL target not found
Refreshing native plugins compatible for Editor in 0.38 ms, found 1 plugins.
Preloading 0 native plugins for Editor in 0.00 ms.
Mono: successfully reloaded assembly
- Completed reload, in  1.237 seconds
Platform modules already initialized, skipping
Refreshing native plugins compatible for Editor in 0.40 ms, found 1 plugins.
Preloading 0 native plugins for Editor in 0.00 ms.
Unloading 1811 Unused Serialized files (Serialized files now loaded: 0)
System memory in use before: 88.4 MB.
System memory in use after: 88.4 MB.

Unloading 12 unused Assets to reduce memory usage. Loaded Objects now: 2334.
Total: 2.282400 ms (FindLiveObjects: 0.193600 ms CreateObjectMapping: 0.076400 ms MarkObjects: 1.851800 ms  DeleteObjects: 0.159600 ms)

========================================================================
Received Prepare
Registering precompiled user dll's ...
Registered in 0.001236 seconds.
Begin MonoManager ReloadAssembly
Native extension for WindowsStandalone target not found
Native extension for WebGL target not found
Refreshing native plugins compatible for Editor in 0.39 ms, found 1 plugins.
Preloading 0 native plugins for Editor in 0.00 ms.
Mono: successfully reloaded assembly
- Completed reload, in  1.248 seconds
Platform modules already initialized, skipping
Refreshing native plugins compatible for Editor in 0.38 ms, found 1 plugins.
Preloading 0 native plugins for Editor in 0.00 ms.
Unloading 1811 Unused Serialized files (Serialized files now loaded: 0)
System memory in use before: 88.4 MB.
System memory in use after: 88.4 MB.

Unloading 12 unused Assets to reduce memory usage. Loaded Objects now: 2338.
Total: 3.734600 ms (FindLiveObjects: 0.377600 ms CreateObjectMapping: 0.168400 ms MarkObjects: 3.010700 ms  DeleteObjects: 0.176600 ms)

========================================================================
Received Prepare
Registering precompiled user dll's ...
Registered in 0.003363 seconds.
Begin MonoManager ReloadAssembly
Native extension for WindowsStandalone target not found
Native extension for WebGL target not found
Refreshing native plugins compatible for Editor in 0.81 ms, found 1 plugins.
Preloading 0 native plugins for Editor in 0.00 ms.
Mono: successfully reloaded assembly
- Completed reload, in  1.294 seconds
Platform modules already initialized, skipping
Refreshing native plugins compatible for Editor in 0.87 ms, found 1 plugins.
Preloading 0 native plugins for Editor in 0.00 ms.
Unloading 1811 Unused Serialized files (Serialized files now loaded: 0)
System memory in use before: 88.4 MB.
System memory in use after: 88.4 MB.

Unloading 12 unused Assets to reduce memory usage. Loaded Objects now: 2342.
Total: 4.601000 ms (FindLiveObjects: 0.531100 ms CreateObjectMapping: 0.152900 ms MarkObjects: 3.722200 ms  DeleteObjects: 0.171600 ms)

========================================================================
Received Prepare
Registering precompiled user dll's ...
Registered in 0.001398 seconds.
Begin MonoManager ReloadAssembly
Native extension for WindowsStandalone target not found
Native extension for WebGL target not found
Refreshing native plugins compatible for Editor in 0.81 ms, found 1 plugins.
Preloading 0 native plugins for Editor in 0.00 ms.
Mono: successfully reloaded assembly
- Completed reload, in  1.241 seconds
Platform modules already initialized, skipping
Refreshing native plugins compatible for Editor in 1.33 ms, found 1 plugins.
Preloading 0 native plugins for Editor in 0.00 ms.
Unloading 1811 Unused Serialized files (Serialized files now loaded: 0)
System memory in use before: 88.4 MB.
System memory in use after: 88.4 MB.

Unloading 12 unused Assets to reduce memory usage. Loaded Objects now: 2346.
Total: 4.292500 ms (FindLiveObjects: 0.464000 ms CreateObjectMapping: 0.167800 ms MarkObjects: 3.456500 ms  DeleteObjects: 0.201200 ms)

========================================================================
Received Prepare
Registering precompiled user dll's ...
Registered in 0.001151 seconds.
Begin MonoManager ReloadAssembly
Native extension for WindowsStandalone target not found
Native extension for WebGL target not found
Refreshing native plugins compatible for Editor in 0.39 ms, found 1 plugins.
Preloading 0 native plugins for Editor in 0.00 ms.
Mono: successfully reloaded assembly
- Completed reload, in  1.188 seconds
Platform modules already initialized, skipping
Refreshing native plugins compatible for Editor in 0.66 ms, found 1 plugins.
Preloading 0 native plugins for Editor in 0.00 ms.
Unloading 1811 Unused Serialized files (Serialized files now loaded: 0)
System memory in use before: 88.4 MB.
System memory in use after: 88.4 MB.

Unloading 12 unused Assets to reduce memory usage. Loaded Objects now: 2350.
Total: 2.482900 ms (FindLiveObjects: 0.288900 ms CreateObjectMapping: 0.103400 ms MarkObjects: 1.877000 ms  DeleteObjects: 0.212000 ms)

========================================================================
Received Prepare
Registering precompiled user dll's ...
Registered in 0.001330 seconds.
Begin MonoManager ReloadAssembly
Native extension for WindowsStandalone target not found
Native extension for WebGL target not found
Refreshing native plugins compatible for Editor in 0.44 ms, found 1 plugins.
Preloading 0 native plugins for Editor in 0.00 ms.
Mono: successfully reloaded assembly
- Completed reload, in  1.326 seconds
Platform modules already initialized, skipping
Refreshing native plugins compatible for Editor in 0.51 ms, found 1 plugins.
Preloading 0 native plugins for Editor in 0.00 ms.
Unloading 1811 Unused Serialized files (Serialized files now loaded: 0)
System memory in use before: 88.5 MB.
System memory in use after: 88.4 MB.

Unloading 12 unused Assets to reduce memory usage. Loaded Objects now: 2354.
Total: 3.238700 ms (FindLiveObjects: 0.309100 ms CreateObjectMapping: 0.192100 ms MarkObjects: 2.529900 ms  DeleteObjects: 0.206500 ms)

========================================================================
Received Prepare
Registering precompiled user dll's ...
Registered in 0.001957 seconds.
Begin MonoManager ReloadAssembly
Native extension for WindowsStandalone target not found
Native extension for WebGL target not found
Refreshing native plugins compatible for Editor in 0.49 ms, found 1 plugins.
Preloading 0 native plugins for Editor in 0.00 ms.
Mono: successfully reloaded assembly
- Completed reload, in  1.307 seconds
Platform modules already initialized, skipping
Refreshing native plugins compatible for Editor in 0.40 ms, found 1 plugins.
Preloading 0 native plugins for Editor in 0.00 ms.
Unloading 1811 Unused Serialized files (Serialized files now loaded: 0)
System memory in use before: 88.5 MB.
System memory in use after: 88.4 MB.

Unloading 12 unused Assets to reduce memory usage. Loaded Objects now: 2358.
Total: 3.218900 ms (FindLiveObjects: 0.383300 ms CreateObjectMapping: 0.096800 ms MarkObjects: 2.536400 ms  DeleteObjects: 0.201300 ms)

========================================================================
Received Prepare
Registering precompiled user dll's ...
Registered in 0.001898 seconds.
Begin MonoManager ReloadAssembly
Native extension for WindowsStandalone target not found
Native extension for WebGL target not found
Refreshing native plugins compatible for Editor in 0.53 ms, found 1 plugins.
Preloading 0 native plugins for Editor in 0.00 ms.
Mono: successfully reloaded assembly
- Completed reload, in  1.204 seconds
Platform modules already initialized, skipping
Refreshing native plugins compatible for Editor in 0.77 ms, found 1 plugins.
Preloading 0 native plugins for Editor in 0.00 ms.
Unloading 1811 Unused Serialized files (Serialized files now loaded: 0)
System memory in use before: 88.5 MB.
System memory in use after: 88.4 MB.

Unloading 12 unused Assets to reduce memory usage. Loaded Objects now: 2362.
Total: 4.266600 ms (FindLiveObjects: 0.679800 ms CreateObjectMapping: 0.220300 ms MarkObjects: 3.128700 ms  DeleteObjects: 0.234700 ms)

========================================================================
Received Prepare
Registering precompiled user dll's ...
Registered in 0.001311 seconds.
Begin MonoManager ReloadAssembly
Native extension for WindowsStandalone target not found
Native extension for WebGL target not found
Refreshing native plugins compatible for Editor in 0.39 ms, found 1 plugins.
Preloading 0 native plugins for Editor in 0.00 ms.
Mono: successfully reloaded assembly
- Completed reload, in  1.189 seconds
Platform modules already initialized, skipping
Refreshing native plugins compatible for Editor in 0.38 ms, found 1 plugins.
Preloading 0 native plugins for Editor in 0.00 ms.
Unloading 1811 Unused Serialized files (Serialized files now loaded: 0)
System memory in use before: 88.5 MB.
System memory in use after: 88.5 MB.

Unloading 12 unused Assets to reduce memory usage. Loaded Objects now: 2366.
Total: 4.724700 ms (FindLiveObjects: 0.358600 ms CreateObjectMapping: 0.076500 ms MarkObjects: 4.060500 ms  DeleteObjects: 0.227800 ms)

========================================================================
Received Prepare
Registering precompiled user dll's ...
Registered in 0.001239 seconds.
Begin MonoManager ReloadAssembly
Native extension for WindowsStandalone target not found
Native extension for WebGL target not found
Refreshing native plugins compatible for Editor in 0.44 ms, found 1 plugins.
Preloading 0 native plugins for Editor in 0.00 ms.
Mono: successfully reloaded assembly
- Completed reload, in  1.175 seconds
Platform modules already initialized, skipping
Refreshing native plugins compatible for Editor in 0.38 ms, found 1 plugins.
Preloading 0 native plugins for Editor in 0.00 ms.
Unloading 1811 Unused Serialized files (Serialized files now loaded: 0)
System memory in use before: 88.5 MB.
System memory in use after: 88.5 MB.

Unloading 12 unused Assets to reduce memory usage. Loaded Objects now: 2370.
Total: 2.592900 ms (FindLiveObjects: 0.360700 ms CreateObjectMapping: 0.100100 ms MarkObjects: 1.979600 ms  DeleteObjects: 0.150900 ms)

========================================================================
Received Import Request.
  Time since last request: 776.095026 seconds.
  path: Assets/Textures/Script/EnemyTank.cs
  artifactKey: Guid(51d9d12daa1521245b490544d0473f98) Importer(815301076,1909f56bfc062723c751e8b465ee728b)
Start importing Assets/Textures/Script/EnemyTank.cs using Guid(51d9d12daa1521245b490544d0473f98) Importer(815301076,1909f56bfc062723c751e8b465ee728b)  -> (artifact id: '87a6f71497b05a7fad0a410327c21a3d') in 0.016509 seconds
  Import took 0.137619 seconds .

========================================================================
Received Prepare
Registering precompiled user dll's ...
Registered in 0.001414 seconds.
Begin MonoManager ReloadAssembly
Native extension for WindowsStandalone target not found
Native extension for WebGL target not found
Refreshing native plugins compatible for Editor in 0.40 ms, found 1 plugins.
Preloading 0 native plugins for Editor in 0.00 ms.
Mono: successfully reloaded assembly
- Completed reload, in  1.318 seconds
Platform modules already initialized, skipping
Refreshing native plugins compatible for Editor in 0.40 ms, found 1 plugins.
Preloading 0 native plugins for Editor in 0.00 ms.
Unloading 1811 Unused Serialized files (Serialized files now loaded: 0)
System memory in use before: 88.5 MB.
System memory in use after: 88.5 MB.

Unloading 12 unused Assets to reduce memory usage. Loaded Objects now: 2374.
Total: 3.498000 ms (FindLiveObjects: 0.383700 ms CreateObjectMapping: 0.136400 ms MarkObjects: 2.685100 ms  DeleteObjects: 0.291100 ms)

========================================================================
Received Import Request.
  Time since last request: 58.426689 seconds.
  path: Assets/Textures/Script/EnemyTank.cs
  artifactKey: Guid(51d9d12daa1521245b490544d0473f98) Importer(815301076,1909f56bfc062723c751e8b465ee728b)
Start importing Assets/Textures/Script/EnemyTank.cs using Guid(51d9d12daa1521245b490544d0473f98) Importer(815301076,1909f56bfc062723c751e8b465ee728b)  -> (artifact id: 'bf9d04cfd846924063533d5784ad9089') in 0.010010 seconds
  Import took 0.116520 seconds .

========================================================================
Received Prepare
Registering precompiled user dll's ...
Registered in 0.001309 seconds.
Begin MonoManager ReloadAssembly
Native extension for WindowsStandalone target not found
Native extension for WebGL target not found
Refreshing native plugins compatible for Editor in 0.72 ms, found 1 plugins.
Preloading 0 native plugins for Editor in 0.00 ms.
Mono: successfully reloaded assembly
- Completed reload, in  1.302 seconds
Platform modules already initialized, skipping
Refreshing native plugins compatible for Editor in 0.49 ms, found 1 plugins.
Preloading 0 native plugins for Editor in 0.00 ms.
Unloading 1811 Unused Serialized files (Serialized files now loaded: 0)
System memory in use before: 88.5 MB.
System memory in use after: 88.5 MB.

Unloading 12 unused Assets to reduce memory usage. Loaded Objects now: 2378.
Total: 2.683200 ms (FindLiveObjects: 0.358200 ms CreateObjectMapping: 0.108600 ms MarkObjects: 2.038300 ms  DeleteObjects: 0.176700 ms)

========================================================================
Received Import Request.
  Time since last request: 699.972990 seconds.
  path: Assets/Textures/Script/EnemyTank.cs
  artifactKey: Guid(51d9d12daa1521245b490544d0473f98) Importer(815301076,1909f56bfc062723c751e8b465ee728b)
Start importing Assets/Textures/Script/EnemyTank.cs using Guid(51d9d12daa1521245b490544d0473f98) Importer(815301076,1909f56bfc062723c751e8b465ee728b)  -> (artifact id: '2f431204cf6557fe4153c31fdd077c0a') in 0.010778 seconds
  Import took 0.121240 seconds .

========================================================================
Received Prepare
Registering precompiled user dll's ...
Registered in 0.002341 seconds.
Begin MonoManager ReloadAssembly
Native extension for WindowsStandalone target not found
Native extension for WebGL target not found
Refreshing native plugins compatible for Editor in 0.38 ms, found 1 plugins.
Preloading 0 native plugins for Editor in 0.00 ms.
Mono: successfully reloaded assembly
- Completed reload, in  1.109 seconds
Platform modules already initialized, skipping
Refreshing native plugins compatible for Editor in 0.42 ms, found 1 plugins.
Preloading 0 native plugins for Editor in 0.00 ms.
Unloading 1811 Unused Serialized files (Serialized files now loaded: 0)
System memory in use before: 88.5 MB.
System memory in use after: 88.5 MB.

Unloading 12 unused Assets to reduce memory usage. Loaded Objects now: 2382.
Total: 2.746300 ms (FindLiveObjects: 0.262100 ms CreateObjectMapping: 0.076300 ms MarkObjects: 2.219500 ms  DeleteObjects: 0.187700 ms)

========================================================================
Received Import Request.
  Time since last request: 59.369268 seconds.
  path: Assets/Textures/Script/EnemyTank.cs
  artifactKey: Guid(51d9d12daa1521245b490544d0473f98) Importer(815301076,1909f56bfc062723c751e8b465ee728b)
Start importing Assets/Textures/Script/EnemyTank.cs using Guid(51d9d12daa1521245b490544d0473f98) Importer(815301076,1909f56bfc062723c751e8b465ee728b)  -> (artifact id: '0f8ecf6bd811537e8a1bc875385acf47') in 0.011504 seconds
  Import took 0.129260 seconds .

========================================================================
Received Prepare
Registering precompiled user dll's ...
Registered in 0.001273 seconds.
Begin MonoManager ReloadAssembly
Native extension for WindowsStandalone target not found
Native extension for WebGL target not found
Refreshing native plugins compatible for Editor in 0.38 ms, found 1 plugins.
Preloading 0 native plugins for Editor in 0.00 ms.
Mono: successfully reloaded assembly
- Completed reload, in  1.243 seconds
Platform modules already initialized, skipping
Refreshing native plugins compatible for Editor in 0.47 ms, found 1 plugins.
Preloading 0 native plugins for Editor in 0.00 ms.
Unloading 1811 Unused Serialized files (Serialized files now loaded: 0)
System memory in use before: 88.5 MB.
System memory in use after: 88.5 MB.

Unloading 12 unused Assets to reduce memory usage. Loaded Objects now: 2386.
Total: 4.109100 ms (FindLiveObjects: 0.296500 ms CreateObjectMapping: 0.086100 ms MarkObjects: 3.513600 ms  DeleteObjects: 0.211300 ms)

AssetImportWorkerClient::OnTransportError - code=2 error=End of file
